<?xml version="1.0" encoding="UTF-8"?>
<!-- Generated by org.testng.reporters.JUnitReportReporter -->
<testsuite hostname="DESKTOP-UVU5C3P" failures="0" tests="24" name="runner_files.Test_Runner_TestNG" time="163.476" errors="0" timestamp="2024-01-10T18:22:28 EST" skipped="0">
  <testcase classname="runner_files.Test_Runner_TestNG" name="runScenario" time="6.662"/>
  <testcase classname="runner_files.Test_Runner_TestNG" name="runScenario" time="6.442"/>
  <testcase classname="runner_files.Test_Runner_TestNG" name="runScenario" time="6.856"/>
  <testcase classname="runner_files.Test_Runner_TestNG" name="runScenario" time="7.580"/>
  <testcase classname="runner_files.Test_Runner_TestNG" name="runScenario" time="6.778"/>
  <testcase classname="runner_files.Test_Runner_TestNG" name="runScenario" time="7.561"/>
  <testcase classname="runner_files.Test_Runner_TestNG" name="runScenario" time="6.468"/>
  <testcase classname="runner_files.Test_Runner_TestNG" name="runScenario" time="6.376"/>
  <testcase classname="runner_files.Test_Runner_TestNG" name="runScenario" time="6.841"/>
  <testcase classname="runner_files.Test_Runner_TestNG" name="runScenario" time="7.511"/>
  <testcase classname="runner_files.Test_Runner_TestNG" name="runScenario" time="7.060"/>
  <testcase classname="runner_files.Test_Runner_TestNG" name="runScenario" time="5.593"/>
  <testcase classname="runner_files.Test_Runner_TestNG" name="runScenario" time="8.944"/>
  <testcase classname="runner_files.Test_Runner_TestNG" name="runScenario" time="5.622"/>
  <testcase classname="runner_files.Test_Runner_TestNG" name="runScenario" time="7.058"/>
  <testcase classname="runner_files.Test_Runner_TestNG" name="runScenario" time="6.381"/>
  <testcase classname="runner_files.Test_Runner_TestNG" name="runScenario" time="6.170"/>
  <testcase classname="runner_files.Test_Runner_TestNG" name="runScenario" time="6.729"/>
  <testcase classname="runner_files.Test_Runner_TestNG" name="runScenario" time="7.935"/>
  <testcase classname="runner_files.Test_Runner_TestNG" name="runScenario" time="6.825"/>
  <testcase classname="runner_files.Test_Runner_TestNG" name="runScenario" time="7.567"/>
  <testcase classname="runner_files.Test_Runner_TestNG" name="runScenario" time="6.592"/>
  <testcase classname="runner_files.Test_Runner_TestNG" name="runScenario" time="5.530"/>
  <testcase classname="runner_files.Test_Runner_TestNG" name="runScenario" time="6.395"/>
</testsuite> <!-- runner_files.Test_Runner_TestNG -->
