<?xml version="1.0" encoding="UTF-8"?>
<!-- Generated by org.testng.reporters.JUnitReportReporter -->
<testsuite hostname="DESKTOP-UVU5C3P" failures="0" tests="1" name="runner_files.Test_Runner_TestNG" time="8.716" errors="0" timestamp="2024-01-06T15:56:11 EST" skipped="0">
  <testcase classname="runner_files.Test_Runner_TestNG" name="runScenario" time="8.716"/>
</testsuite> <!-- runner_files.Test_Runner_TestNG -->
